============================================================
  Generated by:           Genus(TM) Synthesis Solution 21.17-s066_1
  Generated on:           Sep 23 2025  04:20:49 pm
  Module:                 multiplexor
  Operating conditions:   PVT_0P9V_125C (balanced_tree)
  Wireload mode:          enclosed
  Area mode:              timing library
============================================================

Timing
-------
  Cost    Critical         Violating 
 Group   Path Slack  TNS     Paths   
-------------------------------------
default      2587.2   0.0          0 
-------------------------------------
Total                 0.0          0 

Instance Count
--------------
Leaf Instance Count             5 
Physical Instance count         0 
Sequential Instance Count       0 
Combinational Instance Count    5 
Hierarchical Instance Count     0 

Area
----
Cell Area                          22.230
Physical Cell Area                 0.000
Total Cell Area (Cell+Physical)    22.230
Net Area                           0.000
Total Area (Cell+Physical+Net)     22.230

Max Fanout                         5 (sel)
Min Fanout                         1 (mux_out[3])
Average Fanout                     1.2
Terms to net ratio                 1.2500
Terms to instance ratio            4.0000
Runtime                            23.918005 seconds
Elapsed Runtime                    26 seconds
Genus peak memory usage            1394.27 
Innovus peak memory usage          no_value 
Hostname                           lieb
